<?xml version="1.0" encoding="UTF-8"?>
<testng-results ignored="0" total="2" passed="2" failed="0" skipped="0">
  <reporter-output>
  </reporter-output>
  <suite started-at="2025-03-22T11:28:13Z" name="Default suite" finished-at="2025-03-22T11:32:28Z" duration-ms="255111">
    <groups>
    </groups>
    <test started-at="2025-03-22T11:28:13Z" name="Default test" finished-at="2025-03-22T11:32:28Z" duration-ms="255111">
      <class name="TestClasses.TestCase">
        <test-method is-config="true" signature="launch()[pri:0, instance:TestClasses.TestCase@5ba88be8]" started-at="2025-03-22T11:28:13Z" name="launch" finished-at="2025-03-22T11:28:42Z" duration-ms="28341" status="PASS">
          <reporter-output>
          </reporter-output>
        </test-method> <!-- launch -->
        <test-method signature="test(java.lang.String, java.lang.String, java.lang.String, java.lang.String, java.lang.String)[pri:0, instance:TestClasses.TestCase@5ba88be8]" started-at="2025-03-22T11:28:44Z" name="test" data-provider="filterData" finished-at="2025-03-22T11:31:07Z" duration-ms="142478" status="PASS">
          <params>
            <param index="0">
              <value>
                <![CDATA[PARFUM]]>
              </value>
            </param>
            <param index="1">
              <value>
                <![CDATA[Eau de Parfum]]>
              </value>
            </param>
            <param index="2">
              <value>
                <![CDATA[Acqua di Parma]]>
              </value>
            </param>
            <param index="3">
              <value>
                <![CDATA[Unisex]]>
              </value>
            </param>
            <param index="4">
              <value>
                <![CDATA[Ostern]]>
              </value>
            </param>
          </params>
          <reporter-output>
          </reporter-output>
        </test-method> <!-- test -->
        <test-method signature="test(java.lang.String, java.lang.String, java.lang.String, java.lang.String, java.lang.String)[pri:0, instance:TestClasses.TestCase@5ba88be8]" started-at="2025-03-22T11:31:07Z" name="test" data-provider="filterData" finished-at="2025-03-22T11:32:08Z" duration-ms="60572" status="PASS">
          <params>
            <param index="0">
              <value>
                <![CDATA[Sale]]>
              </value>
            </param>
            <param index="1">
              <value>
                <![CDATA[Eau de Parfum]]>
              </value>
            </param>
            <param index="2">
              <value>
                <![CDATA[adidas]]>
              </value>
            </param>
            <param index="3">
              <value>
                <![CDATA[Unisex]]>
              </value>
            </param>
            <param index="4">
              <value>
                <![CDATA[Ostern]]>
              </value>
            </param>
          </params>
          <reporter-output>
          </reporter-output>
        </test-method> <!-- test -->
        <test-method is-config="true" signature="tearDown()[pri:0, instance:TestClasses.TestCase@5ba88be8]" started-at="2025-03-22T11:32:08Z" name="tearDown" finished-at="2025-03-22T11:32:28Z" duration-ms="20720" status="FAIL">
          <exception class="org.openqa.selenium.WebDriverException">
            <message>
              <![CDATA[Timed out waiting for driver server to shutdown.
Build info: version: '4.0.0-rc-1', revision: 'bc5511cbda'
System info: host: 'HPLAPTOP', ip: '192.168.29.202', os.name: 'Windows 7', os.arch: 'amd64', os.version: '6.1', java.version: '17.0.8.1'
Driver info: org.openqa.selenium.chrome.ChromeDriver
Command: [fa7b1b31113d05d01d8e3607d02fda8b, quit {}]
Capabilities {acceptInsecureCerts: false, browserName: chrome, browserVersion: 109.0.5414.120, chrome: {chromedriverVersion: 109.0.5414.74 (e7c5703604da..., userDataDir: C:\Users\Mani\AppData\Local...}, goog:chromeOptions: {debuggerAddress: localhost:64049}, javascriptEnabled: true, networkConnectionEnabled: false, pageLoadStrategy: normal, platform: WINDOWS, platformName: WINDOWS, proxy: Proxy(), se:cdp: ws://localhost:64049/devtoo..., se:cdpVersion: 109.0.5414.120, setWindowRect: true, strictFileInteractability: false, timeouts: {implicit: 0, pageLoad: 300000, script: 30000}, unhandledPromptBehavior: dismiss and notify, webauthn:extension:credBlob: true, webauthn:extension:largeBlob: true, webauthn:virtualAuthenticators: true}
Session ID: fa7b1b31113d05d01d8e3607d02fda8b]]>
            </message>
            <full-stacktrace>
              <![CDATA[org.openqa.selenium.WebDriverException: Timed out waiting for driver server to shutdown.
Build info: version: '4.0.0-rc-1', revision: 'bc5511cbda'
System info: host: 'HPLAPTOP', ip: '192.168.29.202', os.name: 'Windows 7', os.arch: 'amd64', os.version: '6.1', java.version: '17.0.8.1'
Driver info: org.openqa.selenium.chrome.ChromeDriver
Command: [fa7b1b31113d05d01d8e3607d02fda8b, quit {}]
Capabilities {acceptInsecureCerts: false, browserName: chrome, browserVersion: 109.0.5414.120, chrome: {chromedriverVersion: 109.0.5414.74 (e7c5703604da..., userDataDir: C:\Users\Mani\AppData\Local...}, goog:chromeOptions: {debuggerAddress: localhost:64049}, javascriptEnabled: true, networkConnectionEnabled: false, pageLoadStrategy: normal, platform: WINDOWS, platformName: WINDOWS, proxy: Proxy(), se:cdp: ws://localhost:64049/devtoo..., se:cdpVersion: 109.0.5414.120, setWindowRect: true, strictFileInteractability: false, timeouts: {implicit: 0, pageLoad: 300000, script: 30000}, unhandledPromptBehavior: dismiss and notify, webauthn:extension:credBlob: true, webauthn:extension:largeBlob: true, webauthn:virtualAuthenticators: true}
Session ID: fa7b1b31113d05d01d8e3607d02fda8b
at org.openqa.selenium.remote.service.DriverService.stop(DriverService.java:274)
at org.openqa.selenium.remote.service.DriverCommandExecutor.execute(DriverCommandExecutor.java:126)
at org.openqa.selenium.remote.RemoteWebDriver.execute(RemoteWebDriver.java:547)
at org.openqa.selenium.remote.RemoteWebDriver.execute(RemoteWebDriver.java:602)
at org.openqa.selenium.remote.RemoteWebDriver.execute(RemoteWebDriver.java:606)
at org.openqa.selenium.remote.RemoteWebDriver.quit(RemoteWebDriver.java:443)
at org.openqa.selenium.chromium.ChromiumDriver.quit(ChromiumDriver.java:254)
at TestClasses.TestCase.tearDown(TestCase.java:120)
at java.base/jdk.internal.reflect.NativeMethodAccessorImpl.invoke0(Native Method)
at java.base/jdk.internal.reflect.NativeMethodAccessorImpl.invoke(NativeMethodAccessorImpl.java:77)
at java.base/jdk.internal.reflect.DelegatingMethodAccessorImpl.invoke(DelegatingMethodAccessorImpl.java:43)
at java.base/java.lang.reflect.Method.invoke(Method.java:568)
at org.testng.internal.MethodInvocationHelper.invokeMethod(MethodInvocationHelper.java:124)
at org.testng.internal.MethodInvocationHelper.invokeMethodConsideringTimeout(MethodInvocationHelper.java:59)
at org.testng.internal.Invoker.invokeConfigurationMethod(Invoker.java:458)
at org.testng.internal.Invoker.invokeConfigurations(Invoker.java:222)
at org.testng.internal.Invoker.invokeConfigurations(Invoker.java:142)
at org.testng.internal.TestMethodWorker.invokeAfterClassMethods(TestMethodWorker.java:214)
at org.testng.internal.TestMethodWorker.run(TestMethodWorker.java:111)
at org.testng.TestRunner.privateRun(TestRunner.java:648)
at org.testng.TestRunner.run(TestRunner.java:505)
at org.testng.SuiteRunner.runTest(SuiteRunner.java:455)
at org.testng.SuiteRunner.runSequentially(SuiteRunner.java:450)
at org.testng.SuiteRunner.privateRun(SuiteRunner.java:415)
at org.testng.SuiteRunner.run(SuiteRunner.java:364)
at org.testng.SuiteRunnerWorker.runSuite(SuiteRunnerWorker.java:52)
at org.testng.SuiteRunnerWorker.run(SuiteRunnerWorker.java:84)
at org.testng.TestNG.runSuitesSequentially(TestNG.java:1208)
at org.testng.TestNG.runSuitesLocally(TestNG.java:1137)
at org.testng.TestNG.runSuites(TestNG.java:1049)
at org.testng.TestNG.run(TestNG.java:1017)
at org.testng.remote.AbstractRemoteTestNG.run(AbstractRemoteTestNG.java:115)
at org.testng.remote.RemoteTestNG.initAndRun(RemoteTestNG.java:251)
at org.testng.remote.RemoteTestNG.main(RemoteTestNG.java:77)
Caused by: org.openqa.selenium.net.UrlChecker$TimeoutException: Timed out waiting for http://localhost:13098/shutdown to become unavailable after 4084 ms
at org.openqa.selenium.net.UrlChecker.waitUntilUnavailable(UrlChecker.java:130)
at org.openqa.selenium.remote.service.DriverService.stop(DriverService.java:270)
... 33 more
Caused by: java.util.concurrent.TimeoutException
at java.base/java.util.concurrent.FutureTask.get(FutureTask.java:204)
at org.openqa.selenium.net.UrlChecker.waitUntilUnavailable(UrlChecker.java:128)
... 34 more
]]>
            </full-stacktrace>
          </exception> <!-- org.openqa.selenium.WebDriverException -->
          <reporter-output>
          </reporter-output>
        </test-method> <!-- tearDown -->
      </class> <!-- TestClasses.TestCase -->
    </test> <!-- Default test -->
  </suite> <!-- Default suite -->
</testng-results>
